0 info it worked if it ends with ok
1 verbose cli [ 'node', '/usr/local/bin/npm', 'install', 'browser-sync', '-g' ]
2 info using npm@2.3.0
3 info using node@v0.10.35
4 silly cache add args [ 'browser-sync', null ]
5 verbose cache add spec browser-sync
6 silly cache add parsed spec { raw: 'browser-sync',
6 silly cache add   scope: null,
6 silly cache add   name: 'browser-sync',
6 silly cache add   rawSpec: '',
6 silly cache add   spec: '*',
6 silly cache add   type: 'range' }
7 verbose addNamed browser-sync@*
8 silly addNamed semver.valid null
9 silly addNamed semver.validRange *
10 silly addNameRange { name: 'browser-sync', range: '*', hasData: false }
11 silly mapToRegistry name browser-sync
12 silly mapToRegistry using default registry
13 silly mapToRegistry registry https://registry.npmjs.org/
14 silly mapToRegistry uri https://registry.npmjs.org/browser-sync
15 verbose addNameRange registry:https://registry.npmjs.org/browser-sync not in flight; fetching
16 verbose request uri https://registry.npmjs.org/browser-sync
17 verbose request no auth needed
18 info attempt registry request try #1 at 22:36:08
19 verbose request id 273e2b6d57176d43
20 http request GET https://registry.npmjs.org/browser-sync
21 http 200 https://registry.npmjs.org/browser-sync
22 silly get cb [ 200,
22 silly get   { server: 'CouchDB/1.5.0 (Erlang OTP/R16B03)',
22 silly get     etag: '"9UPFXMUDT7A1WN6QV057HSOMO"',
22 silly get     'content-type': 'application/json',
22 silly get     'cache-control': 'max-age=300',
22 silly get     'content-length': '422391',
22 silly get     'accept-ranges': 'bytes',
22 silly get     date: 'Fri, 19 Feb 2016 06:36:05 GMT',
22 silly get     via: '1.1 varnish',
22 silly get     age: '117',
22 silly get     connection: 'keep-alive',
22 silly get     'x-served-by': 'cache-lax1429-LAX',
22 silly get     'x-cache': 'HIT',
22 silly get     'x-cache-hits': '1',
22 silly get     'x-timer': 'S1455863765.842734,VS0,VE0',
22 silly get     vary: 'Accept' } ]
23 silly addNameRange number 2 { name: 'browser-sync', range: '*', hasData: true }
24 silly addNameRange versions [ 'browser-sync',
24 silly addNameRange   [ '0.1.0',
24 silly addNameRange     '0.1.1',
24 silly addNameRange     '0.1.3',
24 silly addNameRange     '0.1.5',
24 silly addNameRange     '0.1.6',
24 silly addNameRange     '0.1.7',
24 silly addNameRange     '0.1.8',
24 silly addNameRange     '0.1.9',
24 silly addNameRange     '0.1.10',
24 silly addNameRange     '0.2.0',
24 silly addNameRange     '0.2.1',
24 silly addNameRange     '0.3.0',
24 silly addNameRange     '0.3.1',
24 silly addNameRange     '0.3.2',
24 silly addNameRange     '0.3.3',
24 silly addNameRange     '0.3.4',
24 silly addNameRange     '0.3.5',
24 silly addNameRange     '0.3.6',
24 silly addNameRange     '0.3.7',
24 silly addNameRange     '0.3.8',
24 silly addNameRange     '0.3.10',
24 silly addNameRange     '0.4.0',
24 silly addNameRange     '0.4.1',
24 silly addNameRange     '0.4.2',
24 silly addNameRange     '0.4.21',
24 silly addNameRange     '0.4.3',
24 silly addNameRange     '0.4.4',
24 silly addNameRange     '0.4.5',
24 silly addNameRange     '0.4.6',
24 silly addNameRange     '0.4.7',
24 silly addNameRange     '0.4.8',
24 silly addNameRange     '0.4.9',
24 silly addNameRange     '0.4.10',
24 silly addNameRange     '0.4.11',
24 silly addNameRange     '0.4.12',
24 silly addNameRange     '0.5.0',
24 silly addNameRange     '0.5.1',
24 silly addNameRange     '0.5.2',
24 silly addNameRange     '0.5.3',
24 silly addNameRange     '0.5.4',
24 silly addNameRange     '0.5.5',
24 silly addNameRange     '0.5.6',
24 silly addNameRange     '0.5.7',
24 silly addNameRange     '0.5.8',
24 silly addNameRange     '0.5.9',
24 silly addNameRange     '0.6.0',
24 silly addNameRange     '0.6.1',
24 silly addNameRange     '0.6.2',
24 silly addNameRange     '0.7.0',
24 silly addNameRange     '0.7.1',
24 silly addNameRange     '0.7.2',
24 silly addNameRange     '0.7.3',
24 silly addNameRange     '0.7.4',
24 silly addNameRange     '0.7.5',
24 silly addNameRange     '0.7.7',
24 silly addNameRange     '0.8.0',
24 silly addNameRange     '0.8.1',
24 silly addNameRange     '0.8.2',
24 silly addNameRange     '0.9.0',
24 silly addNameRange     '0.9.1',
24 silly addNameRange     '1.0.0',
24 silly addNameRange     '1.1.0',
24 silly addNameRange     '1.1.1',
24 silly addNameRange     '1.1.2',
24 silly addNameRange     '1.2.0',
24 silly addNameRange     '1.2.1',
24 silly addNameRange     '1.3.0',
24 silly addNameRange     '1.3.2',
24 silly addNameRange     '1.3.3',
24 silly addNameRange     '1.3.4',
24 silly addNameRange     '1.3.5',
24 silly addNameRange     '1.3.6',
24 silly addNameRange     '1.3.7',
24 silly addNameRange     '1.5.0',
24 silly addNameRange     '1.5.1',
24 silly addNameRange     '1.5.2',
24 silly addNameRange     '1.5.3',
24 silly addNameRange     '1.5.4',
24 silly addNameRange     '1.5.5',
24 silly addNameRange     '1.5.6',
24 silly addNameRange     '1.5.7',
24 silly addNameRange     '1.5.8',
24 silly addNameRange     '1.5.9',
24 silly addNameRange     '1.6.0',
24 silly addNameRange     '1.6.1',
24 silly addNameRange     '1.6.2',
24 silly addNameRange     '1.6.3',
24 silly addNameRange     '1.6.4',
24 silly addNameRange     '1.6.5',
24 silly addNameRange     '1.7.0',
24 silly addNameRange     '1.7.1',
24 silly addNameRange     '1.7.2',
24 silly addNameRange     '1.7.3',
24 silly addNameRange     '1.8.0',
24 silly addNameRange     '1.8.1',
24 silly addNameRange     '1.8.2',
24 silly addNameRange     '1.8.3',
24 silly addNameRange     '1.9.0',
24 silly addNameRange     '1.9.1',
24 silly addNameRange     '2.0.0-rc1',
24 silly addNameRange     '2.0.0-rc2',
24 silly addNameRange     '2.0.0-rc3',
24 silly addNameRange     '2.0.0-rc4',
24 silly addNameRange     '2.0.0-rc5',
24 silly addNameRange     '2.0.0-rc6',
24 silly addNameRange     '2.0.0-rc7',
24 silly addNameRange     '2.0.0-rc8',
24 silly addNameRange     '2.0.0-rc9',
24 silly addNameRange     '2.0.0-rc10',
24 silly addNameRange     '2.0.0',
24 silly addNameRange     '2.0.1',
24 silly addNameRange     '2.1.0',
24 silly addNameRange     '2.1.1',
24 silly addNameRange     '2.1.2',
24 silly addNameRange     '2.1.3',
24 silly addNameRange     '2.1.4',
24 silly addNameRange     '2.1.6',
24 silly addNameRange     '2.2.0',
24 silly addNameRange     '2.2.1',
24 silly addNameRange     '2.2.2',
24 silly addNameRange     '2.2.3',
24 silly addNameRange     '2.2.4',
24 silly addNameRange     '2.2.5',
24 silly addNameRange     '2.3.0',
24 silly addNameRange     '2.3.1',
24 silly addNameRange     '2.3.2',
24 silly addNameRange     '2.4.0',
24 silly addNameRange     '2.4.1',
24 silly addNameRange     '2.5.0',
24 silly addNameRange     '2.5.1',
24 silly addNameRange     '2.5.2',
24 silly addNameRange     '2.5.3',
24 silly addNameRange     '2.6.0',
24 silly addNameRange     '2.6.1',
24 silly addNameRange     '2.6.2',
24 silly addNameRange     '2.6.3',
24 silly addNameRange     '2.6.4',
24 silly addNameRange     '2.6.5',
24 silly addNameRange     '2.6.6',
24 silly addNameRange     '1.9.2',
24 silly addNameRange     '2.6.7',
24 silly addNameRange     '2.6.8',
24 silly addNameRange     '2.6.9',
24 silly addNameRange     '2.6.10',
24 silly addNameRange     '2.6.11',
24 silly addNameRange     '2.7.0',
24 silly addNameRange     '2.7.1',
24 silly addNameRange     '2.7.2',
24 silly addNameRange     '2.7.3',
24 silly addNameRange     '2.7.4',
24 silly addNameRange     '2.7.5',
24 silly addNameRange     '2.7.6',
24 silly addNameRange     '2.7.7',
24 silly addNameRange     '2.7.8',
24 silly addNameRange     '2.7.9',
24 silly addNameRange     '2.7.10',
24 silly addNameRange     '2.7.11',
24 silly addNameRange     '2.7.12',
24 silly addNameRange     '2.7.13',
24 silly addNameRange     '2.8.0',
24 silly addNameRange     '2.8.1',
24 silly addNameRange     '2.8.2',
24 silly addNameRange     '2.8.3',
24 silly addNameRange     '2.9.0',
24 silly addNameRange     '2.9.1',
24 silly addNameRange     '2.9.2',
24 silly addNameRange     '2.9.3',
24 silly addNameRange     '2.9.4',
24 silly addNameRange     '2.9.5',
24 silly addNameRange     '2.9.6',
24 silly addNameRange     '2.9.7',
24 silly addNameRange     '2.9.8',
24 silly addNameRange     '2.9.9',
24 silly addNameRange     '2.9.10',
24 silly addNameRange     '2.9.11',
24 silly addNameRange     '2.9.12',
24 silly addNameRange     '2.10.0',
24 silly addNameRange     '2.10.1',
24 silly addNameRange     '2.11.0',
24 silly addNameRange     '2.11.1' ] ]
25 verbose addNamed browser-sync@2.11.1
26 silly addNamed semver.valid 2.11.1
27 silly addNamed semver.validRange 2.11.1
28 silly mapToRegistry name browser-sync
29 silly mapToRegistry using default registry
30 silly mapToRegistry registry https://registry.npmjs.org/
31 silly mapToRegistry uri https://registry.npmjs.org/browser-sync
32 verbose addRemoteTarball https://registry.npmjs.org/browser-sync/-/browser-sync-2.11.1.tgz not in flight; adding
33 verbose addRemoteTarball [ 'https://registry.npmjs.org/browser-sync/-/browser-sync-2.11.1.tgz',
33 verbose addRemoteTarball   '025ce077a9d62c4a111e7caf0f7bb8cb3f5205be' ]
34 info retry fetch attempt 1 at 22:36:10
35 info attempt registry request try #1 at 22:36:10
36 http fetch GET https://registry.npmjs.org/browser-sync/-/browser-sync-2.11.1.tgz
37 http fetch 200 https://registry.npmjs.org/browser-sync/-/browser-sync-2.11.1.tgz
38 silly fetchAndShaCheck shasum 025ce077a9d62c4a111e7caf0f7bb8cb3f5205be
39 verbose addTmpTarball /var/folders/z0/qbxmx5d1133c5fcsfqy2cfgw0000gn/T/npm-60974-05dfdfd3/registry.npmjs.org/browser-sync/-/browser-sync-2.11.1.tgz not in flight; adding
40 verbose addTmpTarball already have metadata; skipping unpack for browser-sync@2.11.1
41 silly cache afterAdd browser-sync@2.11.1
42 verbose afterAdd /Volumes/Data/Users/christopher/.npm/browser-sync/2.11.1/package/package.json not in flight; writing
43 verbose afterAdd /Volumes/Data/Users/christopher/.npm/browser-sync/2.11.1/package/package.json written
44 silly install resolved [ { name: 'browser-sync',
44 silly install resolved     description: 'Live CSS Reload & Browser Syncing',
44 silly install resolved     version: '2.11.1',
44 silly install resolved     homepage: 'http://www.browsersync.io/',
44 silly install resolved     author: { name: 'Shane Osbourne' },
44 silly install resolved     repository:
44 silly install resolved      { type: 'git',
44 silly install resolved        url: 'git+https://github.com/browsersync/browser-sync.git' },
44 silly install resolved     license: 'Apache-2.0',
44 silly install resolved     bin: { 'browser-sync': 'bin/browser-sync.js' },
44 silly install resolved     files: [ 'bin', 'index.js', 'lib' ],
44 silly install resolved     engines: { node: '>= 0.8.0' },
44 silly install resolved     scripts:
44 silly install resolved      { env: 'node ./test/env.js',
44 silly install resolved        test: 'npm run lint && npm run env && npm run unit',
44 silly install resolved        lint: 'eslint index.js lib bin examples test/specs gulpfile.js',
44 silly install resolved        pro: 'protractor test/protractor/config.single.js',
44 silly install resolved        'pro-local': 'node test/protractor/setup.js',
44 silly install resolved        unit: 'mocha --recursive test/specs --timeout 10000',
44 silly install resolved        cover: 'npm run env && npm run cover-local && npm run coveralls',
44 silly install resolved        'cover-local': 'istanbul cover _mocha -- --timeout 10000 --recursive ./test/specs',
44 silly install resolved        coveralls: 'istanbul-coveralls',
44 silly install resolved        'pre-release': 'npm test && npm run pro-local && npm run pro' },
44 silly install resolved     dependencies:
44 silly install resolved      { 'async-each-series': '^0.1.1',
44 silly install resolved        'browser-sync-client': '^2.3.3',
44 silly install resolved        'browser-sync-ui': '^0.5.16',
44 silly install resolved        'bs-recipes': '^1.0.5',
44 silly install resolved        chokidar: '1.4.1',
44 silly install resolved        connect: '^3.4.0',
44 silly install resolved        'dev-ip': '^1.0.1',
44 silly install resolved        'easy-extender': '^2.3.1',
44 silly install resolved        'eazy-logger': '^2.1.2',
44 silly install resolved        'emitter-steward': '^1.0.0',
44 silly install resolved        foxy: '^11.1.2',
44 silly install resolved        'fs-extra': '^0.26.2',
44 silly install resolved        immutable: '^3.7.4',
44 silly install resolved        localtunnel: '^1.7.0',
44 silly install resolved        lodash: '^3.9.3',
44 silly install resolved        longest: '^1.0.1',
44 silly install resolved        meow: '3.3.0',
44 silly install resolved        micromatch: '2.3.5',
44 silly install resolved        opn: '^3.0.2',
44 silly install resolved        portscanner: '^1.0.0',
44 silly install resolved        'query-string': '^2.4.0',
44 silly install resolved        'resp-modifier': '^5.0.0',
44 silly install resolved        'serve-index': '^1.7.0',
44 silly install resolved        'serve-static': '^1.10.0',
44 silly install resolved        'socket.io': '1.3.7',
44 silly install resolved        'ua-parser-js': '^0.7.9',
44 silly install resolved        ucfirst: '^1.0.0' },
44 silly install resolved     devDependencies:
44 silly install resolved      { 'browser-sync-spa': '1.0.2',
44 silly install resolved        'bs-snippet-injector': '2.0.1',
44 silly install resolved        chai: '3.2.0',
44 silly install resolved        chalk: '1.1.1',
44 silly install resolved        eslint: '1.3.1',
44 silly install resolved        'graceful-fs': '3.0.8',
44 silly install resolved        gulp: '3.9.0',
44 silly install resolved        'gulp-contribs': '0.0.3',
44 silly install resolved        'gulp-conventional-changelog': '0.4.0',
44 silly install resolved        'gulp-filter': '2.0.2',
44 silly install resolved        istanbul: '0.3.19',
44 silly install resolved        'istanbul-coveralls': '1.0.3',
44 silly install resolved        mocha: '2.3.0',
44 silly install resolved        q: '1.4.1',
44 silly install resolved        request: '2.61.0',
44 silly install resolved        rimraf: '^2.4.3',
44 silly install resolved        sinon: '1.15.4',
44 silly install resolved        slugify: '0.1.1',
44 silly install resolved        'socket.io-client': '1.3.7',
44 silly install resolved        supertest: '1.1.0',
44 silly install resolved        vinyl: '0.5.3' },
44 silly install resolved     keywords: [ 'browser sync', 'css', 'live reload', 'sync' ],
44 silly install resolved     gitHead: '49786e35d603408948217ff4e166ccb1a0059cbf',
44 silly install resolved     bugs: { url: 'https://github.com/browsersync/browser-sync/issues' },
44 silly install resolved     _id: 'browser-sync@2.11.1',
44 silly install resolved     _shasum: '025ce077a9d62c4a111e7caf0f7bb8cb3f5205be',
44 silly install resolved     _from: 'browser-sync@*',
44 silly install resolved     _npmVersion: '2.14.7',
44 silly install resolved     _nodeVersion: '4.2.2',
44 silly install resolved     _npmUser: { name: 'shakyshane', email: 'shakyshane@gmail.com' },
44 silly install resolved     dist:
44 silly install resolved      { shasum: '025ce077a9d62c4a111e7caf0f7bb8cb3f5205be',
44 silly install resolved        tarball: 'http://registry.npmjs.org/browser-sync/-/browser-sync-2.11.1.tgz' },
44 silly install resolved     maintainers: [ [Object] ],
44 silly install resolved     directories: {},
44 silly install resolved     _resolved: 'https://registry.npmjs.org/browser-sync/-/browser-sync-2.11.1.tgz' } ]
45 info install browser-sync@2.11.1 into /usr/local/lib
46 info installOne browser-sync@2.11.1
47 verbose installOne of browser-sync to /usr/local/lib not in flight; installing
48 verbose lock using /Volumes/Data/Users/christopher/.npm/_locks/browser-sync-ed941186c435fb34.lock for /usr/local/lib/node_modules/browser-sync
49 silly install write writing browser-sync 2.11.1 to /usr/local/lib/node_modules/browser-sync
50 silly cache addNamed cb browser-sync@2.11.1
51 verbose unbuild lib/node_modules/browser-sync
52 verbose gentlyRm vacuuming /usr/local/lib/node_modules/browser-sync
53 verbose tar unpack /Volumes/Data/Users/christopher/.npm/browser-sync/2.11.1/package.tgz
54 verbose tar unpacking to /usr/local/lib/node_modules/browser-sync
55 verbose gentlyRm vacuuming /usr/local/lib/node_modules/browser-sync
56 silly gunzTarPerm modes [ '755', '644' ]
57 error tar.unpack untar error /Volumes/Data/Users/christopher/.npm/browser-sync/2.11.1/package.tgz
58 verbose unlock done using /Volumes/Data/Users/christopher/.npm/_locks/browser-sync-ed941186c435fb34.lock for /usr/local/lib/node_modules/browser-sync
59 verbose fstream_path /usr/local/lib/node_modules/browser-sync
60 verbose fstream_type Directory
61 verbose fstream_class DirWriter
62 verbose stack Error: EACCES, mkdir '/usr/local/lib/node_modules/browser-sync'
63 verbose fstream_stack /usr/local/lib/node_modules/npm/node_modules/fstream/lib/dir-writer.js:36:23
63 verbose fstream_stack /usr/local/lib/node_modules/npm/node_modules/mkdirp/index.js:46:53
63 verbose fstream_stack Object.oncomplete (fs.js:108:15)
64 verbose cwd /Volumes/Data/Users/christopher/Projects/friendsonline
65 error Darwin 15.3.0
66 error argv "node" "/usr/local/bin/npm" "install" "browser-sync" "-g"
67 error node v0.10.35
68 error npm  v2.3.0
69 error path /usr/local/lib/node_modules/browser-sync
70 error code EACCES
71 error errno 3
72 error Error: EACCES, mkdir '/usr/local/lib/node_modules/browser-sync'
72 error  { [Error: EACCES, mkdir '/usr/local/lib/node_modules/browser-sync']
72 error   errno: 3,
72 error   code: 'EACCES',
72 error   path: '/usr/local/lib/node_modules/browser-sync',
72 error   fstream_type: 'Directory',
72 error   fstream_path: '/usr/local/lib/node_modules/browser-sync',
72 error   fstream_class: 'DirWriter',
72 error   fstream_stack:
72 error    [ '/usr/local/lib/node_modules/npm/node_modules/fstream/lib/dir-writer.js:36:23',
72 error      '/usr/local/lib/node_modules/npm/node_modules/mkdirp/index.js:46:53',
72 error      'Object.oncomplete (fs.js:108:15)' ] }
73 error Please try running this command again as root/Administrator.
74 verbose exit [ 3, true ]
75 verbose unbuild lib/node_modules/browser-sync
76 verbose gentlyRm vacuuming /usr/local/lib/node_modules/browser-sync
